1587526820876	mozrunner::runner	INFO	Running command: "C:\\Program Files\\Mozilla Firefox\\firefox.exe" "-marionette" "-foreground" "-no-remote" "-profile" "C:\\Users\\VMXITD~1\\AppData\\Local\\Temp\\rust_mozprofileVtpLSS"
1587526821317	addons.webextension.doh-rollout@mozilla.org	WARN	Loading extension 'doh-rollout@mozilla.org': Reading manifest: Invalid extension permission: networkStatus
1587526822008	addons.webextension.screenshots@mozilla.org	WARN	Loading extension 'screenshots@mozilla.org': Reading manifest: Invalid extension permission: mozillaAddons
1587526822008	addons.webextension.screenshots@mozilla.org	WARN	Loading extension 'screenshots@mozilla.org': Reading manifest: Invalid extension permission: telemetry
1587526822008	addons.webextension.screenshots@mozilla.org	WARN	Loading extension 'screenshots@mozilla.org': Reading manifest: Invalid extension permission: resource://pdf.js/
1587526822009	addons.webextension.screenshots@mozilla.org	WARN	Loading extension 'screenshots@mozilla.org': Reading manifest: Invalid extension permission: about:reader*
JavaScript error: resource://gre/modules/XULStore.jsm, line 66: Error: Can't find profile directory.
1587526824443	Marionette	INFO	Listening on port 55894
1587526824501	Marionette	WARN	TLS certificate errors will be ignored for this session
JavaScript warning: https://www.gstatic.com/external_hosted/pixi_v5/pixi.min.js, line 65: WebGL context was lost.
IPDL protocol error: Handler returned error code!

###!!! [Parent][DispatchAsyncMessage] Error: PLayerTransaction::Msg_ReleaseLayer Processing error: message was deserialized, but the handler returned false (indicating failure)

IPDL protocol error: Handler returned error code!

###!!! [Parent][DispatchAsyncMessage] Error: PLayerTransaction::Msg_ReleaseLayer Processing error: message was deserialized, but the handler returned false (indicating failure)

1587526835978	Marionette	INFO	Stopped listening on port 55894

###!!! [Child][RunMessage] Error: Channel closing: too late to send/recv, messages will be lost


###!!! [Child][MessageChannel::SendAndWait] Error: Channel error: cannot send/recv

1587526947075	mozrunner::runner	INFO	Running command: "C:\\Program Files\\Mozilla Firefox\\firefox.exe" "-marionette" "-foreground" "-no-remote" "-profile" "C:\\Users\\VMXITD~1\\AppData\\Local\\Temp\\rust_mozprofilexuhOXJ"
1587526947545	addons.webextension.doh-rollout@mozilla.org	WARN	Loading extension 'doh-rollout@mozilla.org': Reading manifest: Invalid extension permission: networkStatus
1587526948199	addons.webextension.screenshots@mozilla.org	WARN	Loading extension 'screenshots@mozilla.org': Reading manifest: Invalid extension permission: mozillaAddons
1587526948199	addons.webextension.screenshots@mozilla.org	WARN	Loading extension 'screenshots@mozilla.org': Reading manifest: Invalid extension permission: telemetry
1587526948200	addons.webextension.screenshots@mozilla.org	WARN	Loading extension 'screenshots@mozilla.org': Reading manifest: Invalid extension permission: resource://pdf.js/
1587526948200	addons.webextension.screenshots@mozilla.org	WARN	Loading extension 'screenshots@mozilla.org': Reading manifest: Invalid extension permission: about:reader*
JavaScript error: resource://gre/modules/XULStore.jsm, line 66: Error: Can't find profile directory.
1587526950644	Marionette	INFO	Listening on port 55984
1587526950694	Marionette	WARN	TLS certificate errors will be ignored for this session
JavaScript warning: https://www.gstatic.com/external_hosted/pixi_v5/pixi.min.js, line 65: WebGL context was lost.
JavaScript warning: https://www.google.com/xjs/_/js/k=xjs.s.id.9oELfA8By6g.O/ck=xjs.s.wTTPy1ITOpU.L.F4.O/m=Fkg7bd,HcFEGb,IvlUe,MC8mtf,OF7gzc,RMhBfe,T4BAC,TJw5qb,TbaHGc,Y33vzc,cdos,cr,hsm,iDPoPb,jsa,mvYTse,tg8oTe,uz938c,vWNDde,ws9Tlc,yQ43ff,d,csi/am=AkAAAACwBGDWDQDgfxAAAAB1DAAAgAAtIthYIIxISAhAALaQAAAB/d=1/dg=2/ct=zgms/rs=ACT90oETnRVYzS1qjfnp-RyI3EPCAbWRDQ, line 564: Script terminated by timeout at:
s_mma@https://www.google.com/xjs/_/js/k=xjs.s.id.9oELfA8By6g.O/ck=xjs.s.wTTPy1ITOpU.L.F4.O/m=Fkg7bd,HcFEGb,IvlUe,MC8mtf,OF7gzc,RMhBfe,T4BAC,TJw5qb,TbaHGc,Y33vzc,cdos,cr,hsm,iDPoPb,jsa,mvYTse,tg8oTe,uz938c,vWNDde,ws9Tlc,yQ43ff,d,csi/am=AkAAAACwBGDWDQDgfxAAAAB1DAAAgAAtIthYIIxISAhAALaQAAAB/d=1/dg=2/ct=zgms/rs=ACT90oETnRVYzS1qjfnp-RyI3EPCAbWRDQ:564:79
s_Koa@https://www.google.com/xjs/_/js/k=xjs.s.id.9oELfA8By6g.O/ck=xjs.s.wTTPy1ITOpU.L.F4.O/m=Fkg7bd,HcFEGb,IvlUe,MC8mtf,OF7gzc,RMhBfe,T4BAC,TJw5qb,TbaHGc,Y33vzc,cdos,cr,hsm,iDPoPb,jsa,mvYTse,tg8oTe,uz938c,vWNDde,ws9Tlc,yQ43ff,d,csi/am=AkAAAACwBGDWDQDgfxAAAAB1DAAAgAAtIthYIIxISAhAALaQAAAB/d=1/dg=2/ct=zgms/rs=ACT90oETnRVYzS1qjfnp-RyI3EPCAbWRDQ:676:94
s_8i.prototype.Ia@https://www.google.com/xjs/_/js/k=xjs.s.id.9oELfA8By6g.O/ck=xjs.s.wTTPy1ITOpU.L.F4.O/m=Fkg7bd,HcFEGb,IvlUe,MC8mtf,OF7gzc,RMhBfe,T4BAC,TJw5qb,TbaHGc,Y33vzc,cdos,cr,hsm,iDPoPb,jsa,mvYTse,tg8oTe,uz938c,vWNDde,ws9Tlc,yQ43ff,d,csi/am=AkAAAACwBGDWDQDgfxAAAAB1DAAAgAAtIthYIIxISAhAALaQAAAB/d=1/dg=2/ct=zgms/rs=ACT90oETnRVYzS1qjfnp-RyI3EPCAbWRDQ:675:397
s_Dna.prototype.Ba@https://www.google.com/xjs/_/js/k=xjs.s.id.9oELfA8By6g.O/ck=xjs.s.wTTPy1ITOpU.L.F4.O/m=Fkg7bd,HcFEGb,IvlUe,MC8mtf,OF7gzc,RMhBfe,T4BAC,TJw5qb,TbaHGc,Y33vzc,cdos,cr,hsm,iDPoPb,jsa,mvYTse,tg8oTe,uz938c,vWNDde,ws9Tlc,yQ43ff,d,csi/am=AkAAAACwBGDWDQDgfxAAAAB1DAAAgAAtIthYIIxISAhAALaQAAAB/d=1/dg=2/ct=zgms/rs=ACT90oETnRVYzS1qjfnp-RyI3EPCAbWRDQ:635:385
p@https://www.google.com/:13:698

JavaScript error: http://localhost/vmxid_api/public/lapangan-tembak, line 111: SyntaxError: missing { before function body
JavaScript error: , line 0: SyntaxError: JSON.parse: unexpected character at line 1 column 1 of the JSON data
console.warn: LoginRecipes: "getRecipes: falling back to a synchronous message for:" "http://localhost"
1587527035262	Marionette	INFO	Stopped listening on port 55984

###!!! [Child][RunMessage] Error: Channel closing: too late to send/recv, messages will be lost


###!!! [Child][MessageChannel::SendAndWait] Error: Channel error: cannot send/recv

sion.doh-rollout@mozilla.org	WARN	Loading extension 'doh-rollout@mozilla.org': Reading manifest: Invalid extension permission: networkStatus
1587527035681	addons.webextension.screenshots@mozilla.org	WARN	Loading extension 'screenshots@mozilla.org': Reading manifest: Invalid extension permission: mozillaAddons
1587527035681	addons.webextension.screenshots@mozilla.org	WARN	Loading extension 'screenshots@mozilla.org': Reading manifest: Invalid extension permission: telemetry
1587527035681	addons.webextension.screenshots@mozilla.org	WARN	Loading extension 'screenshots@mozilla.org': Reading manifest: Invalid extension permission: resource://pdf.js/
1587527035681	addons.webextension.screenshots@mozilla.org	WARN	Loading extension 'screenshots@mozilla.org': Reading manifest: Invalid extension permission: about:reader*
JavaScript error: resource://gre/modules/XULStore.jsm, line 66: Error: Can't find profile directory.
1587527038220	Marionette	INFO	Listening on port 56057
1587527038444	Marionette	WARN	TLS certificate errors will be ignored for this session
JavaScript error: http://localhost/vmxid_api/public/lapangan-tembak, line 111: SyntaxError: missing { before function body
JavaScript error: , line 0: SyntaxError: JSON.parse: unexpected character at line 1 column 1 of the JSON data
console.warn: LoginRecipes: "getRecipes: falling back to a synchronous message for:" "http://localhost"
console.warn: LoginRecipes: "getRecipes: falling back to a synchronous message for:" "http://localhost"
1587527168055	Marionette	INFO	Stopped listening on port 56057

###!!! [Child][RunMessage] Error: Channel closing: too late to send/recv, messages will be lost


###!!! [Child][MessageChannel::SendAndWait] Error: Channel error: cannot send/recv

1587527172512	mozrunner::runner	INFO	Running command: "C:\\Program Files\\Mozilla Firefox\\firefox.exe" "-marionette" "-foreground" "-no-remote" "-profile" "C:\\Users\\VMXITD~1\\AppData\\Local\\Temp\\rust_mozprofileFI7nK7"
1587527172954	addons.webextension.doh-rollout@mozilla.org	WARN	Loading extension 'doh-rollout@mozilla.org': Reading manifest: Invalid extension permission: networkStatus
1587527173778	addons.webextension.screenshots@mozilla.org	WARN	Loading extension 'screenshots@mozilla.org': Reading manifest: Invalid extension permission: mozillaAddons
1587527173778	addons.webextension.screenshots@mozilla.org	WARN	Loading extension 'screenshots@mozilla.org': Reading manifest: Invalid extension permission: telemetry
1587527173778	addons.webextension.screenshots@mozilla.org	WARN	Loading extension 'screenshots@mozilla.org': Reading manifest: Invalid extension permission: resource://pdf.js/
1587527173778	addons.webextension.screenshots@mozilla.org	WARN	Loading extension 'screenshots@mozilla.org': Reading manifest: Invalid extension permission: about:reader*
JavaScript error: resource://gre/modules/XULStore.jsm, line 66: Error: Can't find profile directory.
1587527176198	Marionette	INFO	Listening on port 56149
1587527176626	Marionette	WARN	TLS certificate errors will be ignored for this session
JavaScript error: http://localhost/vmxid_api/public/lapangan-tembak, line 111: SyntaxError: missing { before function body
JavaScript error: , line 0: SyntaxError: JSON.parse: unexpected character at line 1 column 1 of the JSON data
1587527238464	Marionette	INFO	Stopped listening on port 56149

###!!! [Child][RunMessage] Error: Channel closing: too late to send/recv, messages will be lost


###!!! [Child][MessageChannel::SendAndWait] Error: Channel error: cannot send/recv

sion.doh-rollout@mozilla.org	WARN	Loading extension 'doh-rollout@mozilla.org': Reading manifest: Invalid extension permission: networkStatus
1587527239042	addons.webextension.screenshots@mozilla.org	WARN	Loading extension 'screenshots@mozilla.org': Reading manifest: Invalid extension permission: mozillaAddons
1587527239042	addons.webextension.screenshots@mozilla.org	WARN	Loading extension 'screenshots@mozilla.org': Reading manifest: Invalid extension permission: telemetry
1587527239042	addons.webextension.screenshots@mozilla.org	WARN	Loading extension 'screenshots@mozilla.org': Reading manifest: Invalid extension permission: resource://pdf.js/
1587527239042	addons.webextension.screenshots@mozilla.org	WARN	Loading extension 'screenshots@mozilla.org': Reading manifest: Invalid extension permission: about:reader*
JavaScript error: resource://gre/modules/XULStore.jsm, line 66: Error: Can't find profile directory.
1587527241538	Marionette	INFO	Listening on port 56234
1587527241969	Marionette	WARN	TLS certificate errors will be ignored for this session
JavaScript error: http://localhost/vmxid_api/public/lapangan-tembak, line 111: SyntaxError: missing { before function body
JavaScript error: , line 0: SyntaxError: JSON.parse: unexpected character at line 1 column 1 of the JSON data
1587527302851	Marionette	INFO	Stopped listening on port 56234

###!!! [Child][RunMessage] Error: Channel error: cannot send/recv


###!!! [Child][MessageChannel::SendAndWait] Error: Channel error: cannot send/recv


1587527301226	addons.webextension.doh-rollout@mozilla.org	WARN	Loading extension 'doh-rollout@mozilla.org': Reading manifest: Invalid extension permission: networkStatus
1587527301980	addons.webextension.screenshots@mozilla.org	WARN	Loading extension 'screenshots@mozilla.org': Reading manifest: Invalid extension permission: mozillaAddons
1587527301980	addons.webextension.screenshots@mozilla.org	WARN	Loading extension 'screenshots@mozilla.org': Reading manifest: Invalid extension permission: telemetry
1587527301980	addons.webextension.screenshots@mozilla.org	WARN	Loading extension 'screenshots@mozilla.org': Reading manifest: Invalid extension permission: resource://pdf.js/
1587527301980	addons.webextension.screenshots@mozilla.org	WARN	Loading extension 'screenshots@mozilla.org': Reading manifest: Invalid extension permission: about:reader*
JavaScript error: resource://gre/modules/XULStore.jsm, line 66: Error: Can't find profile directory.
1587527304651	Marionette	INFO	Listening on port 56290
1587527304800	Marionette	WARN	TLS certificate errors will be ignored for this session
JavaScript error: http://localhost/vmxid_api/public/lapangan-tembak, line 111: SyntaxError: missing { before function body
JavaScript error: , line 0: SyntaxError: JSON.parse: unexpected character at line 1 column 1 of the JSON data
JavaScript error: http://localhost/vmxid_api/public/shelter/dashboard, line 72: ReferenceError: Pace is not defined
JavaScript error: , line 0: SyntaxError: JSON.parse: unexpected character at line 1 column 1 of the JSON data
JavaScript error: http://localhost/vmxid_api/public/lapangan-tembak, line 111: SyntaxError: missing { before function body
JavaScript error: , line 0: SyntaxError: JSON.parse: unexpected character at line 1 column 1 of the JSON data
1587527458254	mozrunner::runner	INFO	Running command: "C:\\Program Files\\Mozilla Firefox\\firefox.exe" "-marionette" "-foreground" "-no-remote" "-profile" "C:\\Users\\VMXITD~1\\AppData\\Local\\Temp\\rust_mozprofilezGIdEr"
1587527458772	addons.webextension.doh-rollout@mozilla.org	WARN	Loading extension 'doh-rollout@mozilla.org': Reading manifest: Invalid extension permission: networkStatus
1587527459471	addons.webextension.screenshots@mozilla.org	WARN	Loading extension 'screenshots@mozilla.org': Reading manifest: Invalid extension permission: mozillaAddons
1587527459471	addons.webextension.screenshots@mozilla.org	WARN	Loading extension 'screenshots@mozilla.org': Reading manifest: Invalid extension permission: telemetry
1587527459471	addons.webextension.screenshots@mozilla.org	WARN	Loading extension 'screenshots@mozilla.org': Reading manifest: Invalid extension permission: resource://pdf.js/
1587527459472	addons.webextension.screenshots@mozilla.org	WARN	Loading extension 'screenshots@mozilla.org': Reading manifest: Invalid extension permission: about:reader*
JavaScript error: resource://gre/modules/XULStore.jsm, line 66: Error: Can't find profile directory.
1587527462049	Marionette	INFO	Listening on port 56430
1587527462377	Marionette	WARN	TLS certificate errors will be ignored for this session
JavaScript error: http://localhost/vmxid_api/public/lapangan-tembak, line 111: SyntaxError: missing { before function body
JavaScript error: , line 0: SyntaxError: JSON.parse: unexpected character at line 1 column 1 of the JSON data
1587527488595	Marionette	INFO	Stopped listening on port 56430

###!!! [Child][MessageChannel::SendAndWait] Error: Channel error: cannot send/recv

ile" "C:\\Users\\VMXITD~1\\AppData\\Local\\Temp\\rust_mozprofileqZCecb"
1587527483070	addons.webextension.doh-rollout@mozilla.org	WARN	Loading extension 'doh-rollout@mozilla.org': Reading manifest: Invalid extension permission: networkStatus
1587527483708	addons.webextension.screenshots@mozilla.org	WARN	Loading extension 'screenshots@mozilla.org': Reading manifest: Invalid extension permission: mozillaAddons
1587527483709	addons.webextension.screenshots@mozilla.org	WARN	Loading extension 'screenshots@mozilla.org': Reading manifest: Invalid extension permission: telemetry
1587527483709	addons.webextension.screenshots@mozilla.org	WARN	Loading extension 'screenshots@mozilla.org': Reading manifest: Invalid extension permission: resource://pdf.js/
1587527483709	addons.webextension.screenshots@mozilla.org	WARN	Loading extension 'screenshots@mozilla.org': Reading manifest: Invalid extension permission: about:reader*
JavaScript error: resource://gre/modules/XULStore.jsm, line 66: Error: Can't find profile directory.
1587527486454	Marionette	INFO	Listening on port 56483
1587527486728	Marionette	WARN	TLS certificate errors will be ignored for this session
JavaScript error: http://localhost/vmxid_api/public/lapangan-tembak, line 111: SyntaxError: missing { before function body
JavaScript error: , line 0: SyntaxError: JSON.parse: unexpected character at line 1 column 1 of the JSON data
1587527546783	Marionette	INFO	Stopped listening on port 56483

###!!! [Child][RunMessage] Error: Channel closing: too late to send/recv, messages will be lost


###!!! [Child][MessageChannel::SendAndWait] Error: Channel error: cannot send/recv

1587527553804	mozrunner::runner	INFO	Running command: "C:\\Program Files\\Mozilla Firefox\\firefox.exe" "-marionette" "-foreground" "-no-remote" "-profile" "C:\\Users\\VMXITD~1\\AppData\\Local\\Temp\\rust_mozprofile8dysM8"
1587527554245	addons.webextension.doh-rollout@mozilla.org	WARN	Loading extension 'doh-rollout@mozilla.org': Reading manifest: Invalid extension permission: networkStatus
1587527554862	addons.webextension.screenshots@mozilla.org	WARN	Loading extension 'screenshots@mozilla.org': Reading manifest: Invalid extension permission: mozillaAddons
1587527554863	addons.webextension.screenshots@mozilla.org	WARN	Loading extension 'screenshots@mozilla.org': Reading manifest: Invalid extension permission: telemetry
1587527554863	addons.webextension.screenshots@mozilla.org	WARN	Loading extension 'screenshots@mozilla.org': Reading manifest: Invalid extension permission: resource://pdf.js/
1587527554863	addons.webextension.screenshots@mozilla.org	WARN	Loading extension 'screenshots@mozilla.org': Reading manifest: Invalid extension permission: about:reader*
JavaScript error: resource://gre/modules/XULStore.jsm, line 66: Error: Can't find profile directory.
1587527557320	Marionette	INFO	Listening on port 56538
1587527557423	Marionette	WARN	TLS certificate errors will be ignored for this session
JavaScript error: http://localhost/vmxid_api/public/lapangan-tembak, line 111: SyntaxError: missing { before function body
JavaScript error: , line 0: SyntaxError: JSON.parse: unexpected character at line 1 column 1 of the JSON data
1587527747953	Marionette	INFO	Stopped listening on port 56538

###!!! [Child][MessageChannel::SendAndWait] Error: Channel error: cannot send/recv

ile" "C:\\Users\\VMXITD~1\\AppData\\Local\\Temp\\rust_mozprofileLERfs9"
1587527654353	addons.webextension.doh-rollout@mozilla.org	WARN	Loading extension 'doh-rollout@mozilla.org': Reading manifest: Invalid extension permission: networkStatus
1587527654989	addons.webextension.screenshots@mozilla.org	WARN	Loading extension 'screenshots@mozilla.org': Reading manifest: Invalid extension permission: mozillaAddons
1587527654989	addons.webextension.screenshots@mozilla.org	WARN	Loading extension 'screenshots@mozilla.org': Reading manifest: Invalid extension permission: telemetry
1587527654989	addons.webextension.screenshots@mozilla.org	WARN	Loading extension 'screenshots@mozilla.org': Reading manifest: Invalid extension permission: resource://pdf.js/
1587527654990	addons.webextension.screenshots@mozilla.org	WARN	Loading extension 'screenshots@mozilla.org': Reading manifest: Invalid extension permission: about:reader*
JavaScript error: resource://gre/modules/XULStore.jsm, line 66: Error: Can't find profile directory.
1587527657370	Marionette	INFO	Listening on port 56602
1587527657542	Marionette	WARN	TLS certificate errors will be ignored for this session
JavaScript error: http://localhost/vmxid_api/public/lapangan-tembak, line 111: SyntaxError: missing { before function body
JavaScript error: , line 0: SyntaxError: JSON.parse: unexpected character at line 1 column 1 of the JSON data
JavaScript error: http://localhost/vmxid_api/public/shelter/dashboard, line 72: ReferenceError: Pace is not defined
JavaScript error: , line 0: SyntaxError: JSON.parse: unexpected character at line 1 column 1 of the JSON data
